2026-01-28 22:41:53 - app - INFO - Starting application...
2026-01-28 22:41:58 - app - INFO - Application started
2026-01-28 22:41:58 - app - INFO - Application GUI loaded successfully
2026-01-28 22:42:58 - app - INFO - Fetching MOEX data for SBER from 2025-01-28 to 2026-01-28
2026-01-28 22:42:58 - app - ERROR - Error fetching MOEX data: module 'apimoex' has no attribute 'BOARDS_SHARES'
Traceback (most recent call last):
  File "/Users/galina/Documents/BACKTESTERS/patterns_backtester/src/data/moex_client.py", line 33, in get_data
    board=apimoex.BOARDS_SHARES,
          ^^^^^^^^^^^^^^^^^^^^^
AttributeError: module 'apimoex' has no attribute 'BOARDS_SHARES'
2026-01-28 22:43:11 - app - INFO - Fetching MOEX data for SBER from 2025-01-28 to 2026-01-28
2026-01-28 22:43:11 - app - ERROR - Error fetching MOEX data: module 'apimoex' has no attribute 'BOARDS_SHARES'
Traceback (most recent call last):
  File "/Users/galina/Documents/BACKTESTERS/patterns_backtester/src/data/moex_client.py", line 33, in get_data
    board=apimoex.BOARDS_SHARES,
          ^^^^^^^^^^^^^^^^^^^^^
AttributeError: module 'apimoex' has no attribute 'BOARDS_SHARES'
2026-01-29 13:31:34 - app - INFO - Fetching MOEX data for SBER from 2023-01-01 to 2023-12-31
2026-01-29 13:31:34 - app - INFO - Retrieved 254 rows for SBER
2026-01-29 13:31:34 - app - INFO - Detecting patterns with threshold 0.5
2026-01-29 13:31:34 - app - INFO - Starting backtest with 254 bars
2026-01-29 13:31:34 - app - INFO - Backtest completed. 15 trades executed
2026-01-29 13:31:34 - app - INFO - Creating chart with 15 trades
2026-01-29 13:33:29 - app - INFO - Starting application...
2026-01-29 13:33:29 - app - INFO - Application started
2026-01-29 13:33:29 - app - INFO - Application GUI loaded successfully
2026-01-29 13:33:35 - app - INFO - Fetching MOEX data for SBER from 2025-01-29 to 2026-01-29
2026-01-29 13:33:36 - app - INFO - Retrieved 254 rows for SBER
2026-01-29 13:33:36 - app - INFO - Data fetched successfully: 254 bars
2026-01-29 13:33:41 - app - INFO - Detecting patterns with threshold 0.5
2026-01-29 13:33:41 - app - INFO - Starting backtest with 254 bars
2026-01-29 13:33:41 - app - INFO - Backtest completed. 17 trades executed
2026-01-29 13:33:41 - app - INFO - Backtest completed: 17 trades
2026-01-29 13:34:18 - app - INFO - Creating chart with 17 trades
2026-01-29 13:34:19 - app - INFO - Chart saved to /Users/galina/Documents/BACKTESTERS/patterns_backtester/results/chart_SBER_20260129_133419.html
2026-01-29 13:34:19 - app - INFO - Chart created successfully
2026-01-29 13:35:09 - app - INFO - Detecting patterns with threshold 0.5
2026-01-29 13:35:09 - app - INFO - Starting backtest with 254 bars
2026-01-29 13:35:09 - app - INFO - Backtest completed. 17 trades executed
2026-01-29 13:35:09 - app - INFO - Backtest completed: 17 trades
2026-01-29 13:35:39 - app - INFO - Results saved to /Users/galina/Documents/BACKTESTERS/patterns_backtester/results/backtest_SBER_20260129_133537.xlsx
2026-01-29 13:35:41 - app - INFO - Results saved: backtest_SBER_20260129_133537.xlsx
