2026-02-02 11:01:21 - error - ERROR - ERROR: show_interactive_chart: 'dict' object has no attribute 'panel' and no __dict__ for setting new attributes
Traceback (most recent call last):
  File "/Users/galina/Documents/BACKTESTERS/patterns_backtester/src/gui/main_window.py", line 820, in show_interactive_chart
    self.chart_window.set_data(
    ~~~~~~~~~~~~~~~~~~~~~~~~~~^
        self.backtest_results['df'],
        ^^^^^^^^^^^^^^^^^^^^^^^^^^^^
        self.backtest_results['trades'],
        ^^^^^^^^^^^^^^^^^^^^^^^^^^^^^^^^
        title
        ^^^^^
    )
    ^
  File "/Users/galina/Documents/BACKTESTERS/patterns_backtester/src/visualization/chart_window.py", line 148, in set_data
    self.update_chart()
    ~~~~~~~~~~~~~~~~~^^
  File "/Users/galina/Documents/BACKTESTERS/patterns_backtester/src/visualization/chart_window.py", line 286, in update_chart
    marker.panel = 0
    ^^^^^^^^^^^^
AttributeError: 'dict' object has no attribute 'panel' and no __dict__ for setting new attributes
